mode: set
github.com/koha90/shopcore/internal/app/runtime/telegram/client.go:17.59,26.20 2 1
github.com/koha90/shopcore/internal/app/runtime/telegram/client.go:26.20,28.3 1 1
github.com/koha90/shopcore/internal/app/runtime/telegram/client.go:30.2,31.16 2 1
github.com/koha90/shopcore/internal/app/runtime/telegram/client.go:31.16,33.3 1 1
github.com/koha90/shopcore/internal/app/runtime/telegram/client.go:35.2,35.18 1 1
github.com/koha90/shopcore/internal/app/runtime/telegram/client.go:36.23,38.49 2 1
github.com/koha90/shopcore/internal/app/runtime/telegram/client.go:40.27,42.17 2 1
github.com/koha90/shopcore/internal/app/runtime/telegram/client.go:42.17,44.4 1 0
github.com/koha90/shopcore/internal/app/runtime/telegram/client.go:46.3,47.93 2 1
github.com/koha90/shopcore/internal/app/runtime/telegram/client.go:47.93,49.4 1 0
github.com/koha90/shopcore/internal/app/runtime/telegram/client.go:51.3,51.49 1 1
github.com/koha90/shopcore/internal/app/runtime/telegram/client.go:53.10,54.67 1 1
github.com/koha90/shopcore/internal/app/runtime/telegram/config.go:17.33,24.2 1 1
github.com/koha90/shopcore/internal/app/runtime/telegram/handlers.go:12.103,13.72 1 1
github.com/koha90/shopcore/internal/app/runtime/telegram/handlers.go:13.72,14.28 1 1
github.com/koha90/shopcore/internal/app/runtime/telegram/handlers.go:14.28,16.4 1 1
github.com/koha90/shopcore/internal/app/runtime/telegram/handlers.go:18.3,19.17 2 0
github.com/koha90/shopcore/internal/app/runtime/telegram/handlers.go:19.17,26.4 2 0
github.com/koha90/shopcore/internal/app/runtime/telegram/handlers.go:28.3,28.72 1 0
github.com/koha90/shopcore/internal/app/runtime/telegram/handlers.go:28.72,34.4 1 0
github.com/koha90/shopcore/internal/app/runtime/telegram/handlers.go:38.106,39.72 1 1
github.com/koha90/shopcore/internal/app/runtime/telegram/handlers.go:39.72,40.34 1 1
github.com/koha90/shopcore/internal/app/runtime/telegram/handlers.go:40.34,42.4 1 1
github.com/koha90/shopcore/internal/app/runtime/telegram/handlers.go:44.3,45.10 2 0
github.com/koha90/shopcore/internal/app/runtime/telegram/handlers.go:45.10,54.4 3 0
github.com/koha90/shopcore/internal/app/runtime/telegram/handlers.go:56.3,57.10 2 0
github.com/koha90/shopcore/internal/app/runtime/telegram/handlers.go:57.10,65.4 3 0
github.com/koha90/shopcore/internal/app/runtime/telegram/handlers.go:67.3,67.67 1 0
github.com/koha90/shopcore/internal/app/runtime/telegram/handlers.go:67.67,76.4 3 0
github.com/koha90/shopcore/internal/app/runtime/telegram/handlers.go:78.3,78.56 1 0
github.com/koha90/shopcore/internal/app/runtime/telegram/handlers.go:82.105,83.72 1 1
github.com/koha90/shopcore/internal/app/runtime/telegram/handlers.go:83.72,84.28 1 1
github.com/koha90/shopcore/internal/app/runtime/telegram/handlers.go:84.28,86.4 1 1
github.com/koha90/shopcore/internal/app/runtime/telegram/handlers.go:88.3,89.17 2 1
github.com/koha90/shopcore/internal/app/runtime/telegram/handlers.go:89.17,96.4 1 0
github.com/koha90/shopcore/internal/app/runtime/telegram/handlers.go:97.3,97.10 1 1
github.com/koha90/shopcore/internal/app/runtime/telegram/handlers.go:97.10,105.4 2 1
github.com/koha90/shopcore/internal/app/runtime/telegram/handlers.go:107.3,107.72 1 0
github.com/koha90/shopcore/internal/app/runtime/telegram/handlers.go:107.72,113.4 1 0
github.com/koha90/shopcore/internal/app/runtime/telegram/handlers.go:117.66,118.25 1 1
github.com/koha90/shopcore/internal/app/runtime/telegram/handlers.go:118.25,124.3 1 1
github.com/koha90/shopcore/internal/app/runtime/telegram/handlers.go:127.93,133.62 2 0
github.com/koha90/shopcore/internal/app/runtime/telegram/handlers.go:133.62,135.3 1 0
github.com/koha90/shopcore/internal/app/runtime/telegram/handlers.go:142.91,143.50 1 1
github.com/koha90/shopcore/internal/app/runtime/telegram/handlers.go:143.50,145.3 1 1
github.com/koha90/shopcore/internal/app/runtime/telegram/handlers.go:147.2,148.16 2 1
github.com/koha90/shopcore/internal/app/runtime/telegram/handlers.go:148.16,150.3 1 1
github.com/koha90/shopcore/internal/app/runtime/telegram/handlers.go:152.2,152.34 1 1
github.com/koha90/shopcore/internal/app/runtime/telegram/render.go:25.9,32.16 3 0
github.com/koha90/shopcore/internal/app/runtime/telegram/render.go:32.16,34.3 1 0
github.com/koha90/shopcore/internal/app/runtime/telegram/render.go:35.2,35.24 1 0
github.com/koha90/shopcore/internal/app/runtime/telegram/render.go:35.24,37.3 1 0
github.com/koha90/shopcore/internal/app/runtime/telegram/render.go:39.2,39.54 1 0
github.com/koha90/shopcore/internal/app/runtime/telegram/render.go:39.54,41.3 1 0
github.com/koha90/shopcore/internal/app/runtime/telegram/render.go:43.2,43.12 1 0
github.com/koha90/shopcore/internal/app/runtime/telegram/render.go:55.9,63.16 3 0
github.com/koha90/shopcore/internal/app/runtime/telegram/render.go:63.16,65.3 1 0
github.com/koha90/shopcore/internal/app/runtime/telegram/render.go:69.2,69.66 1 0
github.com/koha90/shopcore/internal/app/runtime/telegram/render.go:69.66,71.3 1 0
github.com/koha90/shopcore/internal/app/runtime/telegram/render.go:73.2,73.58 1 0
github.com/koha90/shopcore/internal/app/runtime/telegram/render.go:73.58,75.3 1 0
github.com/koha90/shopcore/internal/app/runtime/telegram/render.go:77.2,77.12 1 0
github.com/koha90/shopcore/internal/app/runtime/telegram/render.go:82.82,83.9 1 1
github.com/koha90/shopcore/internal/app/runtime/telegram/render.go:84.24,85.45 1 1
github.com/koha90/shopcore/internal/app/runtime/telegram/render.go:87.23,88.43 1 1
github.com/koha90/shopcore/internal/app/runtime/telegram/render.go:90.22,93.9 1 1
github.com/koha90/shopcore/internal/app/runtime/telegram/render.go:95.10,96.18 1 1
github.com/koha90/shopcore/internal/app/runtime/telegram/render.go:100.84,101.40 1 1
github.com/koha90/shopcore/internal/app/runtime/telegram/render.go:101.40,103.3 1 1
github.com/koha90/shopcore/internal/app/runtime/telegram/render.go:105.2,107.38 2 1
github.com/koha90/shopcore/internal/app/runtime/telegram/render.go:107.38,109.16 2 1
github.com/koha90/shopcore/internal/app/runtime/telegram/render.go:109.16,111.4 1 1
github.com/koha90/shopcore/internal/app/runtime/telegram/render.go:113.3,115.42 2 1
github.com/koha90/shopcore/internal/app/runtime/telegram/render.go:115.42,123.28 3 1
github.com/koha90/shopcore/internal/app/runtime/telegram/render.go:123.28,126.5 2 1
github.com/koha90/shopcore/internal/app/runtime/telegram/render.go:129.3,129.23 1 1
github.com/koha90/shopcore/internal/app/runtime/telegram/render.go:129.23,131.4 1 1
github.com/koha90/shopcore/internal/app/runtime/telegram/render.go:134.2,134.20 1 1
github.com/koha90/shopcore/internal/app/runtime/telegram/render.go:134.20,136.3 1 0
github.com/koha90/shopcore/internal/app/runtime/telegram/render.go:138.2,140.3 1 1
github.com/koha90/shopcore/internal/app/runtime/telegram/render.go:143.81,144.36 1 1
github.com/koha90/shopcore/internal/app/runtime/telegram/render.go:144.36,146.3 1 1
github.com/koha90/shopcore/internal/app/runtime/telegram/render.go:148.2,150.33 2 1
github.com/koha90/shopcore/internal/app/runtime/telegram/render.go:150.33,152.30 2 1
github.com/koha90/shopcore/internal/app/runtime/telegram/render.go:152.30,156.4 1 1
github.com/koha90/shopcore/internal/app/runtime/telegram/render.go:157.3,157.27 1 1
github.com/koha90/shopcore/internal/app/runtime/telegram/render.go:160.2,164.3 1 1
github.com/koha90/shopcore/internal/app/runtime/telegram/render.go:168.46,170.2 1 1
github.com/koha90/shopcore/internal/app/runtime/telegram/render.go:173.56,174.46 1 1
github.com/koha90/shopcore/internal/app/runtime/telegram/render.go:174.46,176.3 1 1
github.com/koha90/shopcore/internal/app/runtime/telegram/render.go:178.2,179.15 2 1
github.com/koha90/shopcore/internal/app/runtime/telegram/render.go:179.15,181.3 1 1
github.com/koha90/shopcore/internal/app/runtime/telegram/render.go:183.2,183.33 1 1
github.com/koha90/shopcore/internal/app/runtime/telegram/requests.go:10.85,17.2 1 1
github.com/koha90/shopcore/internal/app/runtime/telegram/requests.go:23.22,31.2 1 1
github.com/koha90/shopcore/internal/app/runtime/telegram/requests.go:37.22,45.2 1 1
github.com/koha90/shopcore/internal/app/runtime/telegram/resolve.go:16.33,18.9 2 1
github.com/koha90/shopcore/internal/app/runtime/telegram/resolve.go:18.9,20.3 1 1
github.com/koha90/shopcore/internal/app/runtime/telegram/resolve.go:22.2,26.16 2 1
github.com/koha90/shopcore/internal/app/runtime/telegram/resolve.go:26.16,28.3 1 0
github.com/koha90/shopcore/internal/app/runtime/telegram/resolve.go:30.2,30.22 1 1
github.com/koha90/shopcore/internal/app/runtime/telegram/resolve.go:37.48,39.9 2 1
github.com/koha90/shopcore/internal/app/runtime/telegram/resolve.go:39.9,41.3 1 1
github.com/koha90/shopcore/internal/app/runtime/telegram/resolve.go:43.2,47.16 2 1
github.com/koha90/shopcore/internal/app/runtime/telegram/resolve.go:47.16,49.3 1 0
github.com/koha90/shopcore/internal/app/runtime/telegram/resolve.go:51.2,51.32 1 1
github.com/koha90/shopcore/internal/app/runtime/telegram/runner.go:25.54,26.16 1 0
github.com/koha90/shopcore/internal/app/runtime/telegram/runner.go:26.16,28.3 1 0
github.com/koha90/shopcore/internal/app/runtime/telegram/runner.go:30.2,34.3 1 0
github.com/koha90/shopcore/internal/app/runtime/telegram/runner.go:41.85,42.41 1 0
github.com/koha90/shopcore/internal/app/runtime/telegram/runner.go:42.41,44.3 1 0
github.com/koha90/shopcore/internal/app/runtime/telegram/runner.go:46.2,47.16 2 0
github.com/koha90/shopcore/internal/app/runtime/telegram/runner.go:47.16,49.3 1 0
github.com/koha90/shopcore/internal/app/runtime/telegram/runner.go:51.2,63.17 2 0
github.com/koha90/shopcore/internal/app/runtime/telegram/runner.go:63.17,65.3 1 0
github.com/koha90/shopcore/internal/app/runtime/telegram/runner.go:67.2,68.16 2 0
github.com/koha90/shopcore/internal/app/runtime/telegram/runner.go:68.16,70.3 1 0
github.com/koha90/shopcore/internal/app/runtime/telegram/runner.go:72.2,103.12 8 0
github.com/koha90/shopcore/internal/app/runtime/telegram/session.go:9.75,11.21 2 1
github.com/koha90/shopcore/internal/app/runtime/telegram/session.go:11.21,13.3 1 1
github.com/koha90/shopcore/internal/app/runtime/telegram/session.go:15.2,19.3 1 1
github.com/koha90/shopcore/internal/app/runtime/telegram/session.go:22.81,25.25 2 1
github.com/koha90/shopcore/internal/app/runtime/telegram/session.go:26.50,27.32 1 1
github.com/koha90/shopcore/internal/app/runtime/telegram/session.go:27.32,29.4 1 1
github.com/koha90/shopcore/internal/app/runtime/telegram/session.go:30.62,31.44 1 1
github.com/koha90/shopcore/internal/app/runtime/telegram/session.go:31.44,33.4 1 1
github.com/koha90/shopcore/internal/app/runtime/telegram/session.go:35.2,39.3 1 1
